[2023-03-30 19:10:41] [ INFO ] [Paciente:36] Obteniendo el paciente con el id: 1
[2023-03-30 19:10:41] [ INFO ] [Paciente:41] Se ha modificado el pacietente con el siguiente id: 1
[2023-03-30 19:14:02] [ INFO ] [Paciente:36] Obteniendo el paciente con el id: 1
[2023-03-30 19:14:02] [ INFO ] [Paciente:46] Se ha eliminado el paciente con el siguiente id: 1
[2023-03-31 20:09:53] [ INFO ] [Paciente:24] Se ha registrado el paciente con el siguiente nombre: Gonzalo y el siguiente id: 1
[2023-03-31 20:10:50] [ INFO ] [Odontologo:21] Se ha registrado el odontólogo con el siguiente nombre: Juan y el siguiente id: 1
[2023-03-31 20:11:07] [ INFO ] [Turno:23] Se ha registrado un turno con el siguiente id: 1
[2023-03-31 20:12:45] [ INFO ] [Paciente:36] Obteniendo el paciente con el id: 1
[2023-03-31 20:46:05] [ INFO ] [Paciente:33] Obteniendo el paciente con el id: 1
[2023-03-31 20:46:06] [ INFO ] [Paciente:41] Se ha modificado el pacietente con el siguiente id: 1
[2023-03-31 22:28:17] [ INFO ] [Paciente:23] Se ha registrado el paciente con el siguiente nombre: Mauro y el siguiente id: null
[2023-03-31 22:28:42] [ INFO ] [Paciente:33] Obteniendo el paciente con el id: 2
[2023-03-31 22:28:42] [ INFO ] [Paciente:63] Se ha eliminado el paciente con el siguiente id: 2
[2023-03-31 22:29:21] [ INFO ] [Paciente:23] Se ha registrado el paciente con el siguiente nombre: Mauro y el siguiente id: null
[2023-03-31 22:30:20] [ INFO ] [Odontologo:21] Se ha registrado el odontólogo con el siguiente nombre: Robert y el siguiente id: null
[2023-03-31 22:31:24] [ INFO ] [Turno:22] Se ha registrado un turno con el siguiente id: null
[2023-03-31 22:32:04] [ INFO ] [Turno:22] Se ha registrado un turno con el siguiente id: null
[2023-03-31 22:32:28] [ INFO ] [Turno:22] Se ha registrado un turno con el siguiente id: null
[2023-03-31 22:40:35] [ INFO ] [Turno:32] Obteniendo un turno con el id: 3
[2023-03-31 22:40:35] [ INFO ] [Turno:56] Se ha eliminado el turno con el siguiente id: 3
[2023-03-31 23:56:07] [ INFO ] [Odontologo:31] Obteniendo el odontólogo con el id: 1
[2023-03-31 23:56:08] [ INFO ] [Odontologo:39] Se ha modificado el pacietente con el siguiente id: null
[2023-03-31 23:59:21] [ INFO ] [Turno:32] Obteniendo un turno con el id: 4
[2023-03-31 23:59:21] [ INFO ] [Turno:40] Se ha modificado el turno con el siguiente id: null
[2023-03-31 23:59:29] [ INFO ] [Turno:32] Obteniendo un turno con el id: 4
[2023-03-31 23:59:29] [ INFO ] [Turno:40] Se ha modificado el turno con el siguiente id: null
[2023-04-01 00:03:35] [ INFO ] [Odontologo:31] Obteniendo el odontólogo con el id: 1
[2023-04-01 00:03:35] [ INFO ] [Odontologo:56] Se ha eliminado el odontólogo con el siguiente id: 1
[2023-04-01 00:05:03] [ INFO ] [Paciente:33] Obteniendo el paciente con el id: 3
[2023-04-01 00:05:03] [ INFO ] [Paciente:63] Se ha eliminado el paciente con el siguiente id: 3
[2023-04-01 00:12:59] [ INFO ] [Odontologo:31] Obteniendo el odontólogo con el id: 2
[2023-04-01 00:13:00] [ INFO ] [Odontologo:56] Se ha eliminado el odontólogo con el siguiente id: 2
[2023-04-01 00:22:55] [ INFO ] [Odontologo:31] Obteniendo el odontólogo con el id: 2
[2023-04-01 00:22:56] [ INFO ] [Odontologo:56] Se ha eliminado el odontólogo con el siguiente id: 2
